#
# An unexpected error has been detected by Java Runtime Environment:
#
#  EXCEPTION_ACCESS_VIOLATION (0xc0000005) at pc=0x7be93906, pid=4956, tid=6788
#
# Java VM: Java HotSpot(TM) Client VM (11.2-b01 mixed mode windows-x86)
# Problematic frame:
# C  [libmwgui.dll+0x53906]
#
# If you would like to submit a bug report, please visit:
#   http://java.sun.com/webapps/bugreport/crash.jsp
# The crash happened outside the Java Virtual Machine in native code.
# See problematic frame for where to report the bug.
#

---------------  T H R E A D  ---------------

Current thread (0x08b8e400):  JavaThread "main" [_thread_in_native, id=6788, stack(0x00430000,0x00c30000)]

siginfo: ExceptionCode=0xc0000005, reading address 0x00000000

Registers:
EAX=0x00000000, EBX=0x7b188dc0, ECX=0x00000000, EDX=0x000000ad
ESP=0x00c2804c, EBP=0x00c2804c, ESI=0x00000000, EDI=0x00000000
EIP=0x7be93906, EFLAGS=0x00210246

Top of Stack: (sp=0x00c2804c)
0x00c2804c:   00c28060 78ed67b1 00000000 00000000
0x00c2805c:   7b188db0 00c2808c 78e9d73a 00000000
0x00c2806c:   7b188dd0 7b188db0 08432280 00000000
0x00c2807c:   0065a00f 00c280d4 78fb2669 ffffffff
0x00c2808c:   00c280bc 78eac5f8 00000000 23efd540
0x00c2809c:   05fddc08 00000001 00fc7ec0 00000000
0x00c280ac:   23efd540 23f1ae70 23f1ade0 23f1ae70
0x00c280bc:   00c280e0 7ba51fca 00ffa1d8 00000000 

Instructions: (pc=0x7be93906)
0x7be938f6:   8b 4d 08 89 01 5d c3 cc cc cc 55 8b ec 8b 45 08
0x7be93906:   8b 00 5d c3 cc cc cc cc cc cc 55 8b ec 8b 45 0c 


Stack: [0x00430000,0x00c30000],  sp=0x00c2804c,  free space=8160k
Native frames: (J=compiled Java code, j=interpreted, Vv=VM code, C=native code)
C  [libmwgui.dll+0x53906]
C  [hg.dll+0x1e67b1]
C  [hg.dll+0x1ad73a]
C  [hg.dll+0x1bc5f8]
C  [libmwservices.dll+0x1fca]
C  [libmwservices.dll+0x23a6]
C  [mcr.dll+0x37e84]
C  [mcr.dll+0x381be]
C  [m_dispatcher.dll+0x8e2c]
C  [m_dispatcher.dll+0x9167]
C  [m_dispatcher.dll+0x617e]
C  [m_dispatcher.dll+0x8e2c]
C  [m_dispatcher.dll+0x9167]
C  [m_interpreter.dll+0x230a4]
C  [m_interpreter.dll+0x296d8]
C  [m_interpreter.dll+0xc7af4]
C  [nativejmi.dll+0x6d7a]
C  [nativejmi.dll+0x7d78]
C  [nativejmi.dll+0x7b4a]
C  [nativejmi.dll+0xc8ed]
C  [nativejmi.dll+0xc9b3]
j  com.mathworks.jmi.NativeMatlab.SendMatlabMessage(Ljava/lang/Object;)Ljava/lang/Object;+0
j  com.mathworks.jmi.NativeMatlab.sendMatlabMessage(Ljava/lang/Object;)Ljava/lang/Object;+22
j  com.mathworks.jmi.MatlabLooper.sendMatlabMessage(Lcom/mathworks/services/message/MWMessage;)Ljava/lang/Object;+20
j  com.mathworks.jmi.Matlab.mtFevalConsoleOutput(Ljava/lang/String;[Ljava/lang/Object;I)Ljava/lang/Object;+58
j  com.mathworks.mde.desk.MLDesktop$9.run()V+14
j  com.mathworks.jmi.NativeMatlab.dispatchMTRequests(Z)V+50
v  ~StubRoutines::call_stub

Java frames: (J=compiled Java code, j=interpreted, Vv=VM code)
j  com.mathworks.jmi.NativeMatlab.SendMatlabMessage(Ljava/lang/Object;)Ljava/lang/Object;+0
j  com.mathworks.jmi.NativeMatlab.sendMatlabMessage(Ljava/lang/Object;)Ljava/lang/Object;+22
j  com.mathworks.jmi.MatlabLooper.sendMatlabMessage(Lcom/mathworks/services/message/MWMessage;)Ljava/lang/Object;+20
j  com.mathworks.jmi.Matlab.mtFevalConsoleOutput(Ljava/lang/String;[Ljava/lang/Object;I)Ljava/lang/Object;+58
j  com.mathworks.mde.desk.MLDesktop$9.run()V+14
j  com.mathworks.jmi.NativeMatlab.dispatchMTRequests(Z)V+50
v  ~StubRoutines::call_stub

---------------  P R O C E S S  ---------------

Java Threads: ( => current thread )
  0x1a66f000 JavaThread "pool-2-thread-1" [_thread_blocked, id=4796, stack(0x04650000,0x046d0000)]
  0x1a66d400 JavaThread "Thread-16" [_thread_blocked, id=5612, stack(0x1ff90000,0x20010000)]
  0x1a66cc00 JavaThread "Thread-15" [_thread_blocked, id=6264, stack(0x1fdd0000,0x1fe50000)]
  0x1a66c800 JavaThread "Thread-14" [_thread_blocked, id=6024, stack(0x1fd10000,0x1fd90000)]
  0x1a66c000 JavaThread "Thread-13" [_thread_blocked, id=5996, stack(0x1fc50000,0x1fcd0000)]
  0x1a66bc00 JavaThread "Thread-12" [_thread_blocked, id=6996, stack(0x1fa90000,0x1fb10000)]
  0x1a66b400 JavaThread "Thread-11" [_thread_blocked, id=6864, stack(0x1f9d0000,0x1fa50000)]
  0x1a66b000 JavaThread "Thread-10" [_thread_blocked, id=6956, stack(0x1f910000,0x1f990000)]
  0x1a66a800 JavaThread "Thread-9" [_thread_blocked, id=5496, stack(0x1f850000,0x1f8d0000)]
  0x1a66a400 JavaThread "Thread-7" [_thread_blocked, id=5600, stack(0x1df80000,0x1e000000)]
  0x1a66a000 JavaThread "Active Reference Queue Daemon" daemon [_thread_blocked, id=7052, stack(0x1ddc0000,0x1de40000)]
  0x1a669800 JavaThread "Timer-2" daemon [_thread_blocked, id=3468, stack(0x1dac0000,0x1db40000)]
  0x1a669400 JavaThread "FelixPackageAdmin" daemon [_thread_blocked, id=3876, stack(0x1dd00000,0x1dd80000)]
  0x1a668c00 JavaThread "FelixStartLevel" daemon [_thread_blocked, id=6932, stack(0x1dc40000,0x1dcc0000)]
  0x1a668800 JavaThread "FelixDispatchQueue" daemon [_thread_blocked, id=1064, stack(0x1db80000,0x1dc00000)]
  0x19ba7800 JavaThread "Timer-1" daemon [_thread_blocked, id=5012, stack(0x1c910000,0x1c990000)]
  0x1a364000 JavaThread "TimerQueue" daemon [_thread_blocked, id=6796, stack(0x1c730000,0x1c7b0000)]
  0x1a1c9000 JavaThread "AWT-EventQueue-0" [_thread_blocked, id=4308, stack(0x1c670000,0x1c6f0000)]
  0x1a1ef800 JavaThread "AWT-Shutdown" [_thread_blocked, id=6460, stack(0x1ac60000,0x1ace0000)]
  0x1a111c00 JavaThread "AWT-Windows" daemon [_thread_in_native, id=5136, stack(0x1aa20000,0x1aaa0000)]
  0x1a111000 JavaThread "Java2D Disposer" daemon [_thread_blocked, id=3620, stack(0x1a8a0000,0x1a920000)]
  0x19924c00 JavaThread "Timer-0" [_thread_blocked, id=3416, stack(0x19b10000,0x19b90000)]
  0x19914c00 JavaThread "JMI Unnamed Thread" [_thread_in_native, id=6696, stack(0x056b0000,0x05eb0000)]
  0x08c36c00 JavaThread "Low Memory Detector" daemon [_thread_blocked, id=2576, stack(0x19000000,0x19080000)]
  0x08c32000 JavaThread "CompilerThread0" daemon [_thread_blocked, id=4608, stack(0x187c0000,0x18fc0000)]
  0x08c27000 JavaThread "Attach Listener" daemon [_thread_blocked, id=6308, stack(0x18740000,0x187c0000)]
  0x08c0e400 JavaThread "Finalizer" daemon [_thread_blocked, id=840, stack(0x186c0000,0x18740000)]
  0x08c0d000 JavaThread "Reference Handler" daemon [_thread_blocked, id=1852, stack(0x16e50000,0x16ed0000)]
=>0x08b8e400 JavaThread "main" [_thread_in_native, id=6788, stack(0x00430000,0x00c30000)]

Other Threads:
  0x08c08400 VMThread [stack: 0x17ec0000,0x186c0000] [id=5960]
  0x08c41000 WatcherThread [stack: 0x190c0000,0x198c0000] [id=4804]

VM state:not at safepoint (normal execution)

VM Mutex/Monitor currently owned by a thread: None

Heap
 def new generation   total 24576K, used 11557K [0x0acf0000, 0x0c790000, 0x0ccf0000)
  eden space 21888K,  45% used [0x0acf0000, 0x0b6bf398, 0x0c250000)
  from space 2688K,  56% used [0x0c250000, 0x0c3ca258, 0x0c4f0000)
  to   space 2688K,   0% used [0x0c4f0000, 0x0c4f0000, 0x0c790000)
 tenured generation   total 81516K, used 57053K [0x0ccf0000, 0x11c8b000, 0x12cf0000)
   the space 81516K,  69% used [0x0ccf0000, 0x104a7440, 0x104a7600, 0x11c8b000)
 compacting perm gen  total 32768K, used 30921K [0x12cf0000, 0x14cf0000, 0x16cf0000)
   the space 32768K,  94% used [0x12cf0000, 0x14b22648, 0x14b22800, 0x14cf0000)
No shared spaces configured.

Dynamic libraries:
0x00400000 - 0x00425000 	C:\Program Files (x86)\MATLAB\R2010a\bin\win32\MATLAB.exe
0x776a0000 - 0x77820000 	C:\Windows\SysWOW64\ntdll.dll
0x76db0000 - 0x76eb0000 	C:\Windows\syswow64\kernel32.dll
0x770e0000 - 0x77126000 	C:\Windows\syswow64\KERNELBASE.dll
0x7b940000 - 0x7b9ec000 	C:\Program Files (x86)\MATLAB\R2010a\bin\win32\libut.dll
0x756b0000 - 0x756da000 	C:\Windows\syswow64\imagehlp.dll
0x75ae0000 - 0x75b8c000 	C:\Windows\syswow64\msvcrt.dll
0x75a20000 - 0x75a25000 	C:\Windows\syswow64\PSAPI.DLL
0x7bfa0000 - 0x7bfbf000 	C:\Program Files (x86)\MATLAB\R2010a\bin\win32\LIBEXPAT.dll
0x73910000 - 0x739ab000 	C:\Windows\WinSxS\x86_microsoft.vc80.crt_1fc8b3b9a1e18e3b_8.0.50727.4927_none_d08a205e442db5b5\MSVCR80.dll
0x7bd50000 - 0x7be38000 	C:\Program Files (x86)\MATLAB\R2010a\bin\win32\icuuc40.dll
0x75b90000 - 0x75c30000 	C:\Windows\syswow64\ADVAPI32.dll
0x75a00000 - 0x75a19000 	C:\Windows\SysWOW64\sechost.dll
0x77130000 - 0x77220000 	C:\Windows\syswow64\RPCRT4.dll
0x75210000 - 0x75270000 	C:\Windows\syswow64\SspiCli.dll
0x75200000 - 0x7520c000 	C:\Windows\syswow64\CRYPTBASE.dll
0x7b4b0000 - 0x7b4b4000 	C:\Program Files (x86)\MATLAB\R2010a\bin\win32\icudt40.dll
0x7b4c0000 - 0x7b4cc000 	C:\Program Files (x86)\MATLAB\R2010a\bin\win32\icuio40.dll
0x7b670000 - 0x7b768000 	C:\Program Files (x86)\MATLAB\R2010a\bin\win32\icuin40.dll
0x71250000 - 0x712d7000 	C:\Windows\WinSxS\x86_microsoft.vc80.crt_1fc8b3b9a1e18e3b_8.0.50727.4927_none_d08a205e442db5b5\MSVCP80.dll
0x752d0000 - 0x753d0000 	C:\Windows\syswow64\USER32.dll
0x75c30000 - 0x75cc0000 	C:\Windows\syswow64\GDI32.dll
0x77670000 - 0x7767a000 	C:\Windows\syswow64\LPK.dll
0x75a40000 - 0x75add000 	C:\Windows\syswow64\USP10.dll
0x78770000 - 0x787ee000 	C:\Program Files (x86)\MATLAB\R2010a\bin\win32\libmwfl.dll
0x7d160000 - 0x7d16e000 	C:\Program Files (x86)\MATLAB\R2010a\bin\win32\boost_date_time-vc80-mt-1_36.dll
0x7d330000 - 0x7d346000 	C:\Program Files (x86)\MATLAB\R2010a\bin\win32\boost_filesystem-vc80-mt-1_36.dll
0x7c500000 - 0x7c507000 	C:\Program Files (x86)\MATLAB\R2010a\bin\win32\boost_system-vc80-mt-1_36.dll
0x7d050000 - 0x7d060000 	C:\Program Files (x86)\MATLAB\R2010a\bin\win32\boost_signals-vc80-mt-1_36.dll
0x7b4a0000 - 0x7b4ac000 	C:\Program Files (x86)\MATLAB\R2010a\bin\win32\boost_thread-vc80-mt-1_36.dll
0x7ba50000 - 0x7bc63000 	C:\Program Files (x86)\MATLAB\R2010a\bin\win32\libmwservices.dll
0x7b9f0000 - 0x7ba4d000 	C:\Program Files (x86)\MATLAB\R2010a\bin\win32\libmx.dll
0x78c90000 - 0x78ca3000 	C:\Program Files (x86)\MATLAB\R2010a\bin\win32\zlib1.dll
0x7bc70000 - 0x7bd47000 	C:\Program Files (x86)\MATLAB\R2010a\bin\win32\libmwmathutil.dll
0x79e30000 - 0x79e6a000 	C:\Program Files (x86)\MATLAB\R2010a\bin\win32\mpath.dll
0x7c0a0000 - 0x7c166000 	C:\Program Files (x86)\MATLAB\R2010a\bin\win32\mlutil.dll
0x7cfb0000 - 0x7d00e000 	C:\Program Files (x86)\MATLAB\R2010a\bin\win32\xmlcore.dll
0x79720000 - 0x798e2000 	C:\Program Files (x86)\MATLAB\R2010a\bin\win32\xerces-c_2_7.dll
0x756e0000 - 0x75715000 	C:\Windows\syswow64\WS2_32.dll
0x75a30000 - 0x75a36000 	C:\Windows\syswow64\NSI.dll
0x76060000 - 0x76ca9000 	C:\Windows\syswow64\SHELL32.dll
0x75720000 - 0x75777000 	C:\Windows\syswow64\SHLWAPI.dll
0x78720000 - 0x7874e000 	C:\Program Files (x86)\MATLAB\R2010a\bin\win32\tbb.dll
0x70370000 - 0x703f4000 	C:\Windows\WinSxS\x86_microsoft.windows.common-controls_6595b64144ccf1df_5.82.7600.16661_none_ebfb56996c72aefc\COMCTL32.dll
0x77220000 - 0x7729b000 	C:\Windows\syswow64\comdlg32.dll
0x738e0000 - 0x738f1000 	C:\Windows\system32\NETAPI32.dll
0x738d0000 - 0x738d9000 	C:\Windows\system32\netutils.dll
0x738b0000 - 0x738c9000 	C:\Windows\system32\srvcli.dll
0x738a0000 - 0x738af000 	C:\Windows\system32\wkscli.dll
0x7a0e0000 - 0x7a144000 	C:\Program Files (x86)\MATLAB\R2010a\bin\win32\mcr.dll
0x7e890000 - 0x7e8a9000 	C:\Program Files (x86)\MATLAB\R2010a\bin\win32\libmwi18n.dll
0x7b4d0000 - 0x7b539000 	C:\Program Files (x86)\MATLAB\R2010a\bin\win32\iqm.dll
0x7a6c0000 - 0x7ab7b000 	C:\Program Files (x86)\MATLAB\R2010a\bin\win32\m_interpreter.dll
0x7b550000 - 0x7b561000 	C:\Program Files (x86)\MATLAB\R2010a\bin\win32\libmex.dll
0x79fb0000 - 0x7a017000 	C:\Program Files (x86)\MATLAB\R2010a\bin\win32\m_dispatcher.dll
0x7d280000 - 0x7d31d000 	C:\Program Files (x86)\MATLAB\R2010a\bin\win32\boost_regex-vc80-mt-1_36.dll
0x79ec0000 - 0x79f1b000 	C:\Program Files (x86)\MATLAB\R2010a\bin\win32\profiler.dll
0x7b5d0000 - 0x7b5f2000 	C:\Program Files (x86)\MATLAB\R2010a\bin\win32\libmwmathrng.dll
0x78c00000 - 0x78c12000 	C:\Program Files (x86)\MATLAB\R2010a\bin\win32\m_pcodeio.dll
0x79df0000 - 0x79e27000 	C:\Program Files (x86)\MATLAB\R2010a\bin\win32\m_ir.dll
0x7a1d0000 - 0x7a6bd000 	C:\Program Files (x86)\MATLAB\R2010a\bin\win32\m_parser.dll
0x7b540000 - 0x7b54e000 	C:\Program Files (x86)\MATLAB\R2010a\bin\win32\ir_xfmr.dll
0x787f0000 - 0x7894e000 	C:\Program Files (x86)\MATLAB\R2010a\bin\win32\mcos.dll
0x7b610000 - 0x7b61a000 	C:\Program Files (x86)\MATLAB\R2010a\bin\win32\mtok.dll
0x78be0000 - 0x78bfa000 	C:\Program Files (x86)\MATLAB\R2010a\bin\win32\m_pcodegen.dll
0x7e810000 - 0x7e844000 	C:\Program Files (x86)\MATLAB\R2010a\bin\win32\libmwspmatrix.dll
0x7e850000 - 0x7e871000 	C:\Program Files (x86)\MATLAB\R2010a\bin\win32\libmwbridge.dll
0x7b180000 - 0x7b209000 	C:\Program Files (x86)\MATLAB\R2010a\bin\win32\udd.dll
0x7be40000 - 0x7bf3f000 	C:\Program Files (x86)\MATLAB\R2010a\bin\win32\libmwgui.dll
0x78cf0000 - 0x7914f000 	C:\Program Files (x86)\MATLAB\R2010a\bin\win32\hg.dll
0x78b60000 - 0x78b92000 	C:\Program Files (x86)\MATLAB\R2010a\bin\win32\libmat.dll
0x7b770000 - 0x7b939000 	C:\Program Files (x86)\MATLAB\R2010a\bin\win32\libhdf5.dll
0x79d40000 - 0x79d96000 	C:\Program Files (x86)\MATLAB\R2010a\bin\win32\jmi.dll
0x79a40000 - 0x79a70000 	C:\Program Files (x86)\MATLAB\R2010a\bin\win32\libmwhardcopy.dll
0x79da0000 - 0x79de3000 	C:\Program Files (x86)\MATLAB\R2010a\bin\win32\libuij.dll
0x78630000 - 0x7871f000 	C:\Program Files (x86)\MATLAB\R2010a\bin\win32\hgdatatypes.dll
0x785c0000 - 0x78628000 	C:\Program Files (x86)\MATLAB\R2010a\bin\win32\hgutils.dll
0x78ba0000 - 0x78bd4000 	C:\Program Files (x86)\MATLAB\R2010a\bin\win32\libmwlapack.dll
0x7b580000 - 0x7b58e000 	C:\Program Files (x86)\MATLAB\R2010a\bin\win32\libmwbinder.dll
0x7b210000 - 0x7b492000 	C:\Program Files (x86)\MATLAB\R2010a\bin\win32\uiw.dll
0x7b660000 - 0x7b669000 	C:\Program Files (x86)\MATLAB\R2010a\bin\win32\uinone.dll
0x00df0000 - 0x00f00000 	C:\Windows\WinSxS\x86_microsoft.vc80.mfc_1fc8b3b9a1e18e3b_8.0.50727.4053_none_cbf21254470d8752\MFC80.DLL
0x712e0000 - 0x71331000 	C:\Windows\system32\WINSPOOL.DRV
0x75d50000 - 0x75eac000 	C:\Windows\syswow64\ole32.dll
0x755e0000 - 0x7566f000 	C:\Windows\syswow64\OLEAUT32.dll
0x7a150000 - 0x7a1cc000 	C:\Program Files (x86)\MATLAB\R2010a\bin\win32\udd_mi.dll
0x78c20000 - 0x78c37000 	C:\Program Files (x86)\MATLAB\R2010a\bin\win32\mwoles05.DLL
0x79e70000 - 0x79eb9000 	C:\Program Files (x86)\MATLAB\R2010a\bin\win32\comcli.dll
0x74c40000 - 0x74c5b000 	C:\Windows\WinSxS\x86_microsoft.vc80.atl_1fc8b3b9a1e18e3b_8.0.50727.4053_none_d1c738ec43578ea1\ATL80.DLL
0x7b600000 - 0x7b60b000 	C:\Program Files (x86)\MATLAB\R2010a\bin\win32\mlautoregister.dll
0x76000000 - 0x76060000 	C:\Windows\system32\IMM32.DLL
0x75eb0000 - 0x75f7c000 	C:\Windows\syswow64\MSCTF.dll
0x751c0000 - 0x751ce000 	C:\Windows\WinSxS\x86_microsoft.vc80.mfcloc_1fc8b3b9a1e18e3b_8.0.50727.4053_none_03ca5532205cb096\MFC80ENU.DLL
0x73900000 - 0x7390b000 	C:\Windows\system32\profapi.dll
0x733d0000 - 0x73450000 	C:\Windows\system32\uxtheme.dll
0x73560000 - 0x736fe000 	C:\Windows\WinSxS\x86_microsoft.windows.common-controls_6595b64144ccf1df_6.0.7600.16661_none_420fe3fa2b8113bd\comctl32.dll
0x76f40000 - 0x770dd000 	C:\Windows\syswow64\SETUPAPI.dll
0x75680000 - 0x756a7000 	C:\Windows\syswow64\CFGMGR32.dll
0x75780000 - 0x75792000 	C:\Windows\syswow64\DEVOBJ.dll
0x75cc0000 - 0x75d43000 	C:\Windows\syswow64\CLBCatQ.DLL
0x74050000 - 0x74145000 	C:\Windows\system32\propsys.dll
0x73870000 - 0x73891000 	C:\Windows\system32\ntmarta.dll
0x75f80000 - 0x75fc5000 	C:\Windows\syswow64\WLDAP32.dll
0x72960000 - 0x7297c000 	C:\Windows\system32\iphlpapi.dll
0x72950000 - 0x72957000 	C:\Windows\system32\WINNSI.DLL
0x044e0000 - 0x04524000 	C:\Windows\system32\DNSAPI.dll
0x71e30000 - 0x71e42000 	C:\Windows\system32\dhcpcsvc.DLL
0x71db0000 - 0x71dbd000 	C:\Windows\system32\dhcpcsvc6.DLL
0x01300000 - 0x01303000 	C:\Windows\system32\icmp.Dll
0x79ae0000 - 0x79d36000 	C:\Program Files (x86)\MATLAB\R2010a\sys\java\jre\win32\jre\bin\client\jvm.dll
0x089f0000 - 0x08a22000 	C:\Windows\system32\WINMM.dll
0x7bfc0000 - 0x7c016000 	C:\Program Files (x86)\MATLAB\R2010a\bin\win32\MSVCR71.dll
0x73280000 - 0x732cb000 	C:\Windows\system32\apphelp.dll
0x08a30000 - 0x08a43000 	C:\Windows\system32\dwmapi.dll
0x73780000 - 0x7386b000 	C:\Windows\syswow64\dbghelp.dll
0x79f70000 - 0x79f78000 	C:\Program Files (x86)\MATLAB\R2010a\sys\java\jre\win32\jre\bin\hpi.dll
0x79f90000 - 0x79f9c000 	C:\Program Files (x86)\MATLAB\R2010a\sys\java\jre\win32\jre\bin\verify.dll
0x78cb0000 - 0x78ccf000 	C:\Program Files (x86)\MATLAB\R2010a\sys\java\jre\win32\jre\bin\java.dll
0x79fa0000 - 0x79faf000 	C:\Program Files (x86)\MATLAB\R2010a\sys\java\jre\win32\jre\bin\zip.dll
0x78c40000 - 0x78c5e000 	C:\Program Files (x86)\MATLAB\R2010a\bin\win32\nativejava.dll
0x16fb0000 - 0x16fc2000 	C:\Windows\system32\MPR.dll
0x78c60000 - 0x78c85000 	C:\Program Files (x86)\MATLAB\R2010a\bin\win32\nativejmi.dll
0x7b650000 - 0x7b65a000 	C:\Program Files (x86)\MATLAB\R2010a\bin\win32\nativeservices.dll
0x798f0000 - 0x79a3a000 	C:\Program Files (x86)\MATLAB\R2010a\sys\java\jre\win32\jre\bin\awt.dll
0x7a020000 - 0x7a074000 	C:\Program Files (x86)\MATLAB\R2010a\sys\java\jre\win32\jre\bin\fontmanager.dll
0x1b2b0000 - 0x1b2ec000 	C:\Program Files (x86)\Babylon\Babylon-Pro\Captlib.dll
0x1b300000 - 0x1b33c000 	C:\Windows\system32\OLEACC.dll
0x76cb0000 - 0x76da4000 	C:\Windows\syswow64\WININET.dll

VM Arguments:
jvm_args: -Xss512k -XX:PermSize=32m -Xms64m -XX:NewRatio=3 -XX:MaxPermSize=64m -Xmx128m -XX:MaxDirectMemorySize=1200000000 -Dsun.java2d.noddraw=true -Dsun.awt.nopixfmt=true -Xshare:off -Xrs -Djava.library.path=C:\Program Files (x86)\MATLAB\R2010a\bin\win32 vfprintf abort 
java_command: <unknown>
Launcher Type: generic

Environment Variables:
PATH=C:\Program Files\Common Files\Microsoft Shared\Windows Live;C:\Program Files (x86)\Common Files\Microsoft Shared\Windows Live;C:\Windows\system32;C:\Windows;C:\Windows\System32\Wbem;C:\Windows\System32\WindowsPowerShell\v1.0\;C:\Program Files\WIDCOMM\Bluetooth Software\;C:\Program Files\WIDCOMM\Bluetooth Software\syswow64;c:\Program Files (x86)\Microsoft SQL Server\90\Tools\binn\;C:\Program Files (x86)\Microsoft SQL Server\100\Tools\Binn\;C:\Program Files (x86)\Microsoft SQL Server\100\DTS\Binn\;C:\Program Files (x86)\Common Files\Roxio Shared\10.0\DLLShared\;C:\Program Files (x86)\Common Files\Roxio Shared\DLLShared\;C:\Program Files (x86)\MATLAB\R2010a\runtime\win32;C:\Program Files (x86)\MATLAB\R2010a\bin;c:\Program Files\Microsoft SQL Server\100\Tools\Binn\;c:\Program Files\Microsoft SQL Server\100\DTS\Binn\;C:\Program Files (x86)\Windows Live\Shared
USERNAME=mehran
OS=Windows_NT
PROCESSOR_IDENTIFIER=Intel64 Family 6 Model 30 Stepping 5, GenuineIntel



---------------  S Y S T E M  ---------------

OS: Windows NT 6.1 Build 7600 

CPU:total 8 (8 cores per cpu, 2 threads per core) family 6 model 14 stepping 5, cmov, cx8, fxsr, mmx, sse, sse2, sse3, ssse3, ht

Memory: 4k page, physical 4175944k(1848692k free), swap 4194303k(4194303k free)

vm_info: Java HotSpot(TM) Client VM (11.2-b01) for windows-x86 JRE (1.6.0_12-b04), built on Jan 17 2009 09:57:14 by "java_re" with MS VC++ 7.1

time: Sun Nov 07 02:53:50 2010
elapsed time: 3019 seconds

